[rscripts.net/index.html]
[backblue.gif]
[fade.gif]
[index.html]
[rscripts.net/assets/favicon/apple-touch-icon.png]
[rscripts.net/assets/favicon/favicon-32x32.png]
[rscripts.net/assets/favicon/favicon-16x16.png]
[rscripts.net/assets/favicon/safari-pinned-tab.svg]
[rscripts.net/assets/favicon/favicon.ico]
[rscripts.net/assets/vendor/boxicons/css/boxicons.min.css]
[code.jquery.com/jquery-3.6.0.min.js]
[cdnjs.cloudflare.com/ajax/libs/nprogress/0.2.0/nprogress.min.js]
[rscripts.net/assets/css/theme.min.css]
[rscripts.net/stylef9e3.css]
[rscripts.net/ads-prebid.js]
[rscripts.net/index-2.html]
[rscripts.net/trending.html]
[rscripts.net/popular.html]
[rscripts.net/assets/bg.jpg]
[rscripts.net/imprint.html]
[rscripts.net/privacy.html]
[rscripts.net/contact.html]
[rscripts.net/assets/vendor/bootstrap/dist/js/bootstrap.bundle.min.js]
[rscripts.net/assets/vendor/smooth-scroll/dist/smooth-scroll.polyfills.min.js]
[rscripts.net/assets/js/theme.min.js]
[rscripts.net/renderca77.js]
[rscripts.net/index.html]
[rscripts.net/assets/favicon/site.html]
[rscripts.net/assets/favicon/safari-pinned-tab.svg]
[rscripts.net/popup.html]
[rscripts.net/assets/vendor/boxicons/fonts/boxicons.eot]
[rscripts.net/assets/vendor/boxicons/fonts/boxicons.woff]
[rscripts.net/assets/vendor/boxicons/fonts/boxicons.ttf]
[rscripts.net/assets/vendor/boxicons/css/boxicons.min.css]
[rscripts.net/assets/css/theme.min.css]
[rscripts.net/stylef9e3.css]
[rscripts.net/assets/img/logo.html]
[rscripts.net/index-2.html]
[rscripts.net/stylec619.css]
[rscripts.net/assets/vendor/boxicons/fonts/boxiconsd41dd41d.svg]
[rscripts.net/assets/vendor/rellax/rellax.min.js]
[rscripts.net/assets/vendor/swiper/swiper-bundle.min.js]
[rscripts.net/trending.html]
[rscripts.net/renderb883.js]
[rscripts.net/popular.html]
[rscripts.net/rendera139.js]
[cdn.jsdelivr.net/npm/bootstrap@5.0.1/dist/css/bootstrap.min.css]
[rscripts.net/imprint.html]
[rscripts.net/privacy.html]
[rscripts.net/cdn-cgi/scripts/5c5dd728/cloudflare-static/email-decode.min.js]
[rscripts.net/style.css]
[rscripts.net/contact.html]
[rscripts.net/popup.html]
[rscripts.net/assets/vendor/boxicons/fonts/boxicons.html]
[rscripts.net/cdn-cgi/l/email-protection.html]
[rscripts.net/assets/vendor/boxicons/fonts/boxiconsd41dd41d.svg]
[rscripts.net/stylec619.css]
[rscripts.net/cdn-cgi/apps/head/viebpxgZtQvs_Qr7BWlpsW455yY.html]
[cdn.jsdelivr.net/npm/bootstrap@5.0.1/dist/css/bootstrap.min.css]
[rscripts.net/style.css]
[rscripts.net/cdn-cgi/l/email-protection.html]
